Performing C SOURCE FILE Test CMAKE_HAVE_LIBC_PTHREAD failed with the following output:
Change Dir: /usr/local/google/home/snehilc/Desktop/OpenTelemetry-StarterProject/build/CMakeFiles/CMakeTmp

Run Build Command(s):/usr/bin/make cmTC_39f39/fast && /usr/bin/make -f CMakeFiles/cmTC_39f39.dir/build.make CMakeFiles/cmTC_39f39.dir/build
make[1]: Entering directory '/usr/local/google/home/snehilc/Desktop/OpenTelemetry-StarterProject/build/CMakeFiles/CMakeTmp'
Building C object CMakeFiles/cmTC_39f39.dir/src.c.o
/usr/bin/cc   -DCMAKE_HAVE_LIBC_PTHREAD   -o CMakeFiles/cmTC_39f39.dir/src.c.o   -c /usr/local/google/home/snehilc/Desktop/OpenTelemetry-StarterProject/build/CMakeFiles/CMakeTmp/src.c
Linking C executable cmTC_39f39
/usr/bin/cmake -E cmake_link_script CMakeFiles/cmTC_39f39.dir/link.txt --verbose=1
/usr/bin/cc  -DCMAKE_HAVE_LIBC_PTHREAD    CMakeFiles/cmTC_39f39.dir/src.c.o  -o cmTC_39f39 
/usr/bin/ld: CMakeFiles/cmTC_39f39.dir/src.c.o: in function `main':
src.c:(.text+0x2f): undefined reference to `pthread_create'
/usr/bin/ld: src.c:(.text+0x3b): undefined reference to `pthread_detach'
/usr/bin/ld: src.c:(.text+0x4c): undefined reference to `pthread_join'
collect2: error: ld returned 1 exit status
make[1]: *** [CMakeFiles/cmTC_39f39.dir/build.make:87: cmTC_39f39] Error 1
make[1]: Leaving directory '/usr/local/google/home/snehilc/Desktop/OpenTelemetry-StarterProject/build/CMakeFiles/CMakeTmp'
make: *** [Makefile:121: cmTC_39f39/fast] Error 2


Source file was:
#include <pthread.h>

void* test_func(void* data)
{
  return data;
}

int main(void)
{
  pthread_t thread;
  pthread_create(&thread, NULL, test_func, NULL);
  pthread_detach(thread);
  pthread_join(thread, NULL);
  pthread_atfork(NULL, NULL, NULL);
  pthread_exit(NULL);

  return 0;
}

Determining if the function pthread_create exists in the pthreads failed with the following output:
Change Dir: /usr/local/google/home/snehilc/Desktop/OpenTelemetry-StarterProject/build/CMakeFiles/CMakeTmp

Run Build Command(s):/usr/bin/make cmTC_01c7c/fast && /usr/bin/make -f CMakeFiles/cmTC_01c7c.dir/build.make CMakeFiles/cmTC_01c7c.dir/build
make[1]: Entering directory '/usr/local/google/home/snehilc/Desktop/OpenTelemetry-StarterProject/build/CMakeFiles/CMakeTmp'
Building C object CMakeFiles/cmTC_01c7c.dir/CheckFunctionExists.c.o
/usr/bin/cc   -DCHECK_FUNCTION_EXISTS=pthread_create   -o CMakeFiles/cmTC_01c7c.dir/CheckFunctionExists.c.o   -c /usr/share/cmake-3.16/Modules/CheckFunctionExists.c
Linking C executable cmTC_01c7c
/usr/bin/cmake -E cmake_link_script CMakeFiles/cmTC_01c7c.dir/link.txt --verbose=1
/usr/bin/cc  -DCHECK_FUNCTION_EXISTS=pthread_create    CMakeFiles/cmTC_01c7c.dir/CheckFunctionExists.c.o  -o cmTC_01c7c  -lpthreads 
/usr/bin/ld: cannot find -lpthreads
collect2: error: ld returned 1 exit status
make[1]: *** [CMakeFiles/cmTC_01c7c.dir/build.make:87: cmTC_01c7c] Error 1
make[1]: Leaving directory '/usr/local/google/home/snehilc/Desktop/OpenTelemetry-StarterProject/build/CMakeFiles/CMakeTmp'
make: *** [Makefile:121: cmTC_01c7c/fast] Error 2



